
11月 14, 2017 21:30:30.15 NEW SESSION
11月 14, 2017 21:30:30.15 [12248:18008:1114/213030.155:ERROR:account_info_fetcher.cc(58)] OnGetTokenFailure: Request canceled.

11月 14, 2017 21:39:03.72 NEW SESSION
11月 14, 2017 21:39:03.72 [10952:11224:1114/213903.718:ERROR:gpu_process_transport_factory.cc(992)] Lost UI shared context.
11月 14, 2017 21:40:58.70 [10952:10256:1114/214058.702:ERROR:ssl_client_socket_impl.cc(1091)] handshake failed; returned -1, SSL error code 1, net_error -101
11月 14, 2017 21:40:58.70 [10952:10256:1114/214058.702:ERROR:checkin_request.cc(211)] Failed to get checkin response. Fetcher failed. Retrying.
11月 14, 2017 21:41:27.03 [10952:10256:1114/214127.033:ERROR:ssl_client_socket_impl.cc(1091)] handshake failed; returned -1, SSL error code 1, net_error -101
11月 14, 2017 21:41:27.04 [10952:10256:1114/214127.034:ERROR:checkin_request.cc(211)] Failed to get checkin response. Fetcher failed. Retrying.
11月 14, 2017 21:41:52.38 [10952:11224:1114/214152.385:ERROR:gcm_channel_status_request.cc(127)] GCM channel request failed.
11月 14, 2017 21:42:07.76 [10952:10256:1114/214207.759:ERROR:ssl_client_socket_impl.cc(1091)] handshake failed; returned -1, SSL error code 1, net_error -101
11月 14, 2017 21:42:10.32 [10952:10256:1114/214210.322:ERROR:ssl_client_socket_impl.cc(1091)] handshake failed; returned -1, SSL error code 1, net_error -101
11月 14, 2017 21:42:13.69 [10952:11224:1114/214213.697:ERROR:gpu_process_transport_factory.cc(992)] Lost UI shared context.
11月 14, 2017 21:42:14.72 [10952:10256:1114/214214.725:ERROR:ssl_client_socket_impl.cc(1091)] handshake failed; returned -1, SSL error code 1, net_error -101
11月 14, 2017 21:42:20.20 [10952:10256:1114/214220.201:ERROR:ssl_client_socket_impl.cc(1091)] handshake failed; returned -1, SSL error code 1, net_error -101
11月 14, 2017 21:43:43.65 [10952:11224:1114/214343.654:ERROR:gcm_channel_status_request.cc(127)] GCM channel request failed.
11月 14, 2017 21:43:44.59 [10952:11224:1114/214344.596:ERROR:account_tracker.cc(357)] OnNetworkError -1
11月 14, 2017 21:45:30.28 [10952:11224:1114/214530.282:ERROR:gcm_channel_status_request.cc(127)] GCM channel request failed.
11月 14, 2017 21:47:19.16 [10952:11224:1114/214719.165:ERROR:gcm_channel_status_request.cc(127)] GCM channel request failed.
11月 14, 2017 22:05:11.70 [10832:1456:1114/220511.708:ERROR:connection_factory_impl.cc(386)] Failed to connect to MCS endpoint with error -118
11月 14, 2017 22:05:43.72 [10832:15084:1114/220543.728:ERROR:gpu_process_transport_factory.cc(992)] Lost UI shared context.
11月 14, 2017 22:05:55.95 [10832:1456:1114/220555.950:ERROR:connection_factory_impl.cc(386)] Failed to connect to MCS endpoint with error -118

11月 14, 2017 22:57:32.56 NEW SESSION
11月 14, 2017 22:57:32.56 [1208:4592:1114/225732.566:ERROR:gpu_process_transport_factory.cc(992)] Lost UI shared context.
11月 14, 2017 22:58:38.31 [1208:4592:1114/225838.317:ERROR:gpu_process_transport_factory.cc(992)] Lost UI shared context.
11月 14, 2017 22:58:59.72 [1208:4592:1114/225859.720:ERROR:gcm_channel_status_request.cc(127)] GCM channel request failed.
11月 14, 2017 23:00:22.50 [1208:4592:1114/230022.503:ERROR:gpu_process_transport_factory.cc(992)] Lost UI shared context.
11月 14, 2017 23:11:13.47 [1200:2488:1114/231113.475:ERROR:gpu_process_transport_factory.cc(992)] Lost UI shared context.
11月 14, 2017 23:11:28.16 [1200:3256:1114/231128.162:ERROR:connection_factory_impl.cc(386)] Failed to connect to MCS endpoint with error -118
11月 14, 2017 23:12:10.09 [1200:3256:1114/231210.089:ERROR:socket_stream.cc(210)] Closing stream with result -101
11月 14, 2017 23:13:33.96 [1200:3256:1114/231333.969:ERROR:connection_factory_impl.cc(386)] Failed to connect to MCS endpoint with error -7
11月 14, 2017 23:14:11.92 [1200:2488:1114/231411.921:ERROR:gcm_channel_status_request.cc(127)] GCM channel request failed.
11月 14, 2017 23:15:32.11 [1200:3256:1114/231532.110:ERROR:connection_factory_impl.cc(386)] Failed to connect to MCS endpoint with error -118
11月 14, 2017 23:16:47.42 [1200:2488:1114/231647.421:ERROR:gcm_channel_status_request.cc(127)] GCM channel request failed.
11月 14, 2017 23:17:41.18 [1200:2488:1114/231741.183:ERROR:account_tracker.cc(328)] OnGetTokenFailure: Connection failed (-118).
11月 14, 2017 23:17:41.18 [1200:2488:1114/231741.183:ERROR:account_tracker.cc(328)] OnGetTokenFailure: Connection failed (-118).
11月 14, 2017 23:19:50.40 [1200:2488:1114/231950.401:ERROR:gcm_channel_status_request.cc(127)] GCM channel request failed.
11月 14, 2017 23:20:01.76 [1200:3256:1114/232001.768:ERROR:connection_factory_impl.cc(386)] Failed to connect to MCS endpoint with error -7
11月 14, 2017 23:21:18.46 [13516:12844:1114/232118.461:ERROR:gpu_process_transport_factory.cc(992)] Lost UI shared context.
11月 14, 2017 23:21:37.16 [13516:11492:1114/232137.163:ERROR:connection_factory_impl.cc(386)] Failed to connect to MCS endpoint with error -118
11月 14, 2017 23:22:18.37 [13516:11492:1114/232218.370:ERROR:connection_factory_impl.cc(386)] Failed to connect to MCS endpoint with error -118
11月 14, 2017 23:23:37.51 [13516:11492:1114/232337.517:ERROR:connection_factory_impl.cc(386)] Failed to connect to MCS endpoint with error -7
11月 14, 2017 23:24:20.93 [13516:12844:1114/232420.932:ERROR:gcm_channel_status_request.cc(127)] GCM channel request failed.
11月 14, 2017 23:25:42.62 [13516:11492:1114/232542.625:ERROR:connection_factory_impl.cc(386)] Failed to connect to MCS endpoint with error -7
11月 14, 2017 23:26:50.42 [13516:12844:1114/232650.420:ERROR:gcm_channel_status_request.cc(127)] GCM channel request failed.
11月 14, 2017 23:29:50.10 [13516:11492:1114/232950.104:ERROR:connection_factory_impl.cc(386)] Failed to connect to MCS endpoint with error -7
11月 14, 2017 23:29:50.92 [13516:12844:1114/232950.925:ERROR:gcm_channel_status_request.cc(127)] GCM channel request failed.
11月 14, 2017 23:29:56.96 [13516:12844:1114/232956.962:ERROR:account_tracker.cc(328)] OnGetTokenFailure: Connection failed (-118).
11月 14, 2017 23:29:56.96 [13516:12844:1114/232956.962:ERROR:account_tracker.cc(328)] OnGetTokenFailure: Connection failed (-118).
11月 14, 2017 23:33:20.47 [13516:12844:1114/233320.469:ERROR:gcm_channel_status_request.cc(127)] GCM channel request failed.
11月 14, 2017 23:36:27.24 [13516:11492:1114/233627.248:ERROR:ssl_client_socket_impl.cc(1091)] handshake failed; returned -1, SSL error code 1, net_error -101
11月 14, 2017 23:36:27.25 [13516:11492:1114/233627.248:ERROR:connection_factory_impl.cc(386)] Failed to connect to MCS endpoint with error -101
11月 14, 2017 23:39:17.36 [13516:12844:1114/233917.363:ERROR:gcm_channel_status_request.cc(127)] GCM channel request failed.
11月 14, 2017 23:46:57.49 [13516:11492:1114/234657.496:ERROR:connection_factory_impl.cc(386)] Failed to connect to MCS endpoint with error -7
11月 14, 2017 23:47:01.18 [13516:12844:1114/234701.180:ERROR:gcm_channel_status_request.cc(127)] GCM channel request failed.
11月 14, 2017 23:49:42.17 [13516:12844:1114/234942.178:ERROR:gpu_process_transport_factory.cc(992)] Lost UI shared context.
11月 14, 2017 23:57:16.87 [13516:11492:1114/235716.870:ERROR:socket_stream.cc(210)] Closing stream with result -101
11月 14, 2017 23:59:07.20 [13516:12844:1114/235907.204:ERROR:gcm_channel_status_request.cc(127)] GCM channel request failed.
11月 15, 2017 24:11:13.23 [13516:12844:1115/001113.231:ERROR:gcm_channel_status_request.cc(127)] GCM channel request failed.
11月 15, 2017 24:17:51.55 [13516:11492:1115/001751.551:ERROR:socket_stream.cc(210)] Closing stream with result -100
11月 15, 2017 24:23:19.24 [13516:12844:1115/002319.249:ERROR:gcm_channel_status_request.cc(127)] GCM channel request failed.
11月 15, 2017 24:35:25.27 [13516:12844:1115/003525.269:ERROR:gcm_channel_status_request.cc(127)] GCM channel request failed.
11月 15, 2017 24:47:31.51 [13516:12844:1115/004731.515:ERROR:gcm_channel_status_request.cc(127)] GCM channel request failed.
11月 15, 2017 24:59:37.53 [13516:12844:1115/005937.532:ERROR:gcm_channel_status_request.cc(127)] GCM channel request failed.
11月 15, 2017 01:11:43.55 [13516:12844:1115/011143.550:ERROR:gcm_channel_status_request.cc(127)] GCM channel request failed.
11月 15, 2017 01:23:49.57 [13516:12844:1115/012349.569:ERROR:gcm_channel_status_request.cc(127)] GCM channel request failed.
11月 15, 2017 01:35:55.59 [13516:12844:1115/013555.588:ERROR:gcm_channel_status_request.cc(127)] GCM channel request failed.
11月 15, 2017 01:48:01.60 [13516:12844:1115/014801.608:ERROR:gcm_channel_status_request.cc(127)] GCM channel request failed.
11月 15, 2017 02:00:07.62 [13516:12844:1115/020007.622:ERROR:gcm_channel_status_request.cc(127)] GCM channel request failed.
11月 15, 2017 02:12:13.64 [13516:12844:1115/021213.648:ERROR:gcm_channel_status_request.cc(127)] GCM channel request failed.
11月 15, 2017 02:24:19.66 [13516:12844:1115/022419.668:ERROR:gcm_channel_status_request.cc(127)] GCM channel request failed.
11月 15, 2017 02:36:25.69 [13516:12844:1115/023625.690:ERROR:gcm_channel_status_request.cc(127)] GCM channel request failed.
11月 15, 2017 02:48:31.71 [13516:12844:1115/024831.710:ERROR:gcm_channel_status_request.cc(127)] GCM channel request failed.
11月 15, 2017 03:00:37.73 [13516:12844:1115/030037.729:ERROR:gcm_channel_status_request.cc(127)] GCM channel request failed.
11月 15, 2017 03:12:43.74 [13516:12844:1115/031243.748:ERROR:gcm_channel_status_request.cc(127)] GCM channel request failed.
11月 15, 2017 03:24:49.76 [13516:12844:1115/032449.768:ERROR:gcm_channel_status_request.cc(127)] GCM channel request failed.
11月 15, 2017 03:36:55.78 [13516:12844:1115/033655.788:ERROR:gcm_channel_status_request.cc(127)] GCM channel request failed.
11月 15, 2017 03:49:01.81 [13516:12844:1115/034901.809:ERROR:gcm_channel_status_request.cc(127)] GCM channel request failed.
11月 15, 2017 04:01:07.82 [13516:12844:1115/040107.828:ERROR:gcm_channel_status_request.cc(127)] GCM channel request failed.
11月 15, 2017 04:13:13.84 [13516:12844:1115/041313.848:ERROR:gcm_channel_status_request.cc(127)] GCM channel request failed.
11月 15, 2017 04:25:19.86 [13516:12844:1115/042519.865:ERROR:gcm_channel_status_request.cc(127)] GCM channel request failed.
11月 15, 2017 04:37:25.88 [13516:12844:1115/043725.888:ERROR:gcm_channel_status_request.cc(127)] GCM channel request failed.
11月 15, 2017 04:49:31.90 [13516:12844:1115/044931.904:ERROR:gcm_channel_status_request.cc(127)] GCM channel request failed.
11月 15, 2017 05:01:37.92 [13516:12844:1115/050137.921:ERROR:gcm_channel_status_request.cc(127)] GCM channel request failed.
11月 15, 2017 05:13:43.94 [13516:12844:1115/051343.943:ERROR:gcm_channel_status_request.cc(127)] GCM channel request failed.
11月 15, 2017 05:25:49.96 [13516:12844:1115/052549.963:ERROR:gcm_channel_status_request.cc(127)] GCM channel request failed.
11月 15, 2017 05:37:55.97 [13516:12844:1115/053755.978:ERROR:gcm_channel_status_request.cc(127)] GCM channel request failed.
11月 15, 2017 05:50:01.99 [13516:12844:1115/055001.994:ERROR:gcm_channel_status_request.cc(127)] GCM channel request failed.
11月 15, 2017 06:02:08.01 [13516:12844:1115/060208.015:ERROR:gcm_channel_status_request.cc(127)] GCM channel request failed.
11月 15, 2017 06:14:14.03 [13516:12844:1115/061414.031:ERROR:gcm_channel_status_request.cc(127)] GCM channel request failed.
11月 15, 2017 06:26:20.05 [13516:12844:1115/062620.049:ERROR:gcm_channel_status_request.cc(127)] GCM channel request failed.
11月 15, 2017 06:38:26.07 [13516:12844:1115/063826.070:ERROR:gcm_channel_status_request.cc(127)] GCM channel request failed.
11月 15, 2017 06:50:32.09 [13516:12844:1115/065032.089:ERROR:gcm_channel_status_request.cc(127)] GCM channel request failed.
11月 15, 2017 07:02:38.10 [13516:12844:1115/070238.108:ERROR:gcm_channel_status_request.cc(127)] GCM channel request failed.
11月 15, 2017 07:14:44.12 [13516:12844:1115/071444.127:ERROR:gcm_channel_status_request.cc(127)] GCM channel request failed.
11月 15, 2017 07:26:50.17 [13516:12844:1115/072650.146:ERROR:gcm_channel_status_request.cc(127)] GCM channel request failed.
11月 15, 2017 07:38:56.16 [13516:12844:1115/073856.161:ERROR:gcm_channel_status_request.cc(127)] GCM channel request failed.
11月 15, 2017 07:51:02.17 [13516:12844:1115/075102.177:ERROR:gcm_channel_status_request.cc(127)] GCM channel request failed.
11月 15, 2017 08:03:08.19 [13516:12844:1115/080308.196:ERROR:gcm_channel_status_request.cc(127)] GCM channel request failed.
11月 15, 2017 08:15:14.21 [13516:12844:1115/081514.216:ERROR:gcm_channel_status_request.cc(127)] GCM channel request failed.
11月 15, 2017 08:27:20.23 [13516:12844:1115/082720.237:ERROR:gcm_channel_status_request.cc(127)] GCM channel request failed.
11月 15, 2017 08:39:26.25 [13516:12844:1115/083926.257:ERROR:gcm_channel_status_request.cc(127)] GCM channel request failed.
11月 15, 2017 08:51:32.28 [13516:12844:1115/085132.283:ERROR:gcm_channel_status_request.cc(127)] GCM channel request failed.
11月 15, 2017 09:03:38.30 [13516:12844:1115/090338.302:ERROR:gcm_channel_status_request.cc(127)] GCM channel request failed.
11月 15, 2017 09:15:44.32 [13516:12844:1115/091544.325:ERROR:gcm_channel_status_request.cc(127)] GCM channel request failed.
11月 15, 2017 09:27:50.35 [13516:12844:1115/092750.352:ERROR:gcm_channel_status_request.cc(127)] GCM channel request failed.
11月 15, 2017 09:39:56.37 [13516:12844:1115/093956.373:ERROR:gcm_channel_status_request.cc(127)] GCM channel request failed.
11月 15, 2017 09:52:02.39 [13516:12844:1115/095202.398:ERROR:gcm_channel_status_request.cc(127)] GCM channel request failed.
11月 15, 2017 10:02:02.40 [13516:12844:1115/100202.407:ERROR:gcm_channel_status_request.cc(127)] GCM channel request failed.
11月 15, 2017 10:03:04.57 [13516:12844:1115/100304.573:ERROR:gpu_process_transport_factory.cc(992)] Lost UI shared context.
11月 15, 2017 10:05:15.19 [13516:12844:1115/100515.192:ERROR:gpu_process_transport_factory.cc(992)] Lost UI shared context.

11月 15, 2017 13:31:03.02 NEW SESSION
11月 15, 2017 13:31:03.02 [17420:3928:1115/133103.015:ERROR:account_tracker.cc(328)] OnGetTokenFailure: Connection failed (-105).
11月 15, 2017 13:31:03.02 [17420:3928:1115/133103.015:ERROR:account_tracker.cc(328)] OnGetTokenFailure: Connection failed (-105).
11月 15, 2017 13:31:21.14 [17420:17040:1115/133121.145:ERROR:connection_factory_impl.cc(386)] Failed to connect to MCS endpoint with error -118
11月 15, 2017 13:33:34.80 [17420:3928:1115/133334.808:ERROR:gcm_channel_status_request.cc(127)] GCM channel request failed.
11月 15, 2017 13:36:04.72 [17420:3928:1115/133604.725:ERROR:gcm_channel_status_request.cc(127)] GCM channel request failed.
11月 15, 2017 13:38:55.06 [17420:3928:1115/133855.059:ERROR:gcm_channel_status_request.cc(127)] GCM channel request failed.
11月 15, 2017 13:42:56.85 [17420:3928:1115/134256.853:ERROR:gcm_channel_status_request.cc(127)] GCM channel request failed.
11月 15, 2017 13:49:02.29 [17420:3928:1115/134902.297:ERROR:gcm_channel_status_request.cc(127)] GCM channel request failed.
11月 15, 2017 13:57:03.42 [17420:3928:1115/135703.428:ERROR:gcm_channel_status_request.cc(127)] GCM channel request failed.
11月 15, 2017 14:09:09.45 [17420:3928:1115/140909.451:ERROR:gcm_channel_status_request.cc(127)] GCM channel request failed.
11月 15, 2017 14:19:09.45 [17420:3928:1115/141909.455:ERROR:gcm_channel_status_request.cc(127)] GCM channel request failed.
11月 15, 2017 14:31:15.48 [17420:3928:1115/143115.481:ERROR:gcm_channel_status_request.cc(127)] GCM channel request failed.
11月 15, 2017 14:43:21.50 [17420:3928:1115/144321.504:ERROR:gcm_channel_status_request.cc(127)] GCM channel request failed.
11月 15, 2017 14:55:27.52 [17420:3928:1115/145527.528:ERROR:gcm_channel_status_request.cc(127)] GCM channel request failed.
11月 15, 2017 15:07:33.55 [17420:3928:1115/150733.554:ERROR:gcm_channel_status_request.cc(127)] GCM channel request failed.
11月 15, 2017 15:19:39.58 [17420:3928:1115/151939.578:ERROR:gcm_channel_status_request.cc(127)] GCM channel request failed.
11月 15, 2017 15:22:08.50 [17420:17040:1115/152208.508:ERROR:socket_stream.cc(210)] Closing stream with result -101
11月 15, 2017 15:22:38.79 [17420:17040:1115/152238.797:ERROR:connection_factory_impl.cc(386)] Failed to connect to MCS endpoint with error -7
11月 15, 2017 15:23:25.58 [17420:17040:1115/152325.582:ERROR:connection_factory_impl.cc(386)] Failed to connect to MCS endpoint with error -118
11月 15, 2017 15:24:35.22 [17420:17040:1115/152435.221:ERROR:connection_factory_impl.cc(386)] Failed to connect to MCS endpoint with error -118
11月 15, 2017 15:26:42.21 [17420:17040:1115/152642.211:ERROR:connection_factory_impl.cc(386)] Failed to connect to MCS endpoint with error -7
11月 15, 2017 15:30:17.18 [17420:17040:1115/153017.186:ERROR:connection_factory_impl.cc(386)] Failed to connect to MCS endpoint with error -7
11月 15, 2017 15:31:45.60 [17420:3928:1115/153145.604:ERROR:gcm_channel_status_request.cc(127)] GCM channel request failed.
11月 15, 2017 15:36:25.28 [17420:17040:1115/153625.281:ERROR:connection_factory_impl.cc(386)] Failed to connect to MCS endpoint with error -118
11月 15, 2017 15:43:51.62 [17420:3928:1115/154351.628:ERROR:gcm_channel_status_request.cc(127)] GCM channel request failed.
11月 15, 2017 15:46:55.61 [17420:17040:1115/154655.612:ERROR:connection_factory_impl.cc(386)] Failed to connect to MCS endpoint with error -7
11月 15, 2017 15:55:57.65 [17420:3928:1115/155557.650:ERROR:gcm_channel_status_request.cc(127)] GCM channel request failed.
11月 15, 2017 15:57:16.62 [17420:17040:1115/155716.622:ERROR:connection_factory_impl.cc(386)] Failed to connect to MCS endpoint with error -118
11月 15, 2017 16:07:46.92 [17420:17040:1115/160746.924:ERROR:connection_factory_impl.cc(386)] Failed to connect to MCS endpoint with error -7
11月 15, 2017 16:08:03.67 [17420:3928:1115/160803.674:ERROR:gcm_channel_status_request.cc(127)] GCM channel request failed.
11月 15, 2017 16:18:07.93 [17420:17040:1115/161807.934:ERROR:connection_factory_impl.cc(386)] Failed to connect to MCS endpoint with error -118
11月 15, 2017 16:20:09.69 [17420:3928:1115/162009.698:ERROR:gcm_channel_status_request.cc(127)] GCM channel request failed.
11月 15, 2017 16:28:38.27 [17420:17040:1115/162838.273:ERROR:connection_factory_impl.cc(386)] Failed to connect to MCS endpoint with error -7
11月 15, 2017 16:32:15.72 [17420:3928:1115/163215.722:ERROR:gcm_channel_status_request.cc(127)] GCM channel request failed.
11月 15, 2017 16:38:59.28 [17420:17040:1115/163859.285:ERROR:connection_factory_impl.cc(386)] Failed to connect to MCS endpoint with error -118
11月 15, 2017 16:44:21.74 [17420:3928:1115/164421.746:ERROR:gcm_channel_status_request.cc(127)] GCM channel request failed.
11月 15, 2017 16:49:29.62 [17420:17040:1115/164929.621:ERROR:connection_factory_impl.cc(386)] Failed to connect to MCS endpoint with error -7
11月 15, 2017 16:56:27.77 [17420:3928:1115/165627.773:ERROR:gcm_channel_status_request.cc(127)] GCM channel request failed.
11月 15, 2017 16:59:48.91 [17420:17040:1115/165948.910:ERROR:ssl_client_socket_impl.cc(1091)] handshake failed; returned -1, SSL error code 1, net_error -101
11月 15, 2017 16:59:48.91 [17420:17040:1115/165948.910:ERROR:connection_factory_impl.cc(386)] Failed to connect to MCS endpoint with error -101
11月 15, 2017 17:08:33.81 [17420:3928:1115/170833.816:ERROR:gcm_channel_status_request.cc(127)] GCM channel request failed.
11月 15, 2017 17:10:09.92 [17420:17040:1115/171009.919:ERROR:connection_factory_impl.cc(386)] Failed to connect to MCS endpoint with error -118
11月 15, 2017 17:20:39.84 [17420:3928:1115/172039.841:ERROR:gcm_channel_status_request.cc(127)] GCM channel request failed.
11月 15, 2017 17:32:45.87 [17420:3928:1115/173245.877:ERROR:gcm_channel_status_request.cc(127)] GCM channel request failed.
11月 15, 2017 17:44:51.89 [17420:3928:1115/174451.897:ERROR:gcm_channel_status_request.cc(127)] GCM channel request failed.
11月 15, 2017 17:56:57.92 [17420:3928:1115/175657.923:ERROR:gcm_channel_status_request.cc(127)] GCM channel request failed.
11月 15, 2017 18:09:03.94 [17420:3928:1115/180903.942:ERROR:gcm_channel_status_request.cc(127)] GCM channel request failed.
11月 15, 2017 18:21:09.97 [17420:3928:1115/182109.973:ERROR:gcm_channel_status_request.cc(127)] GCM channel request failed.
11月 15, 2017 18:33:15.99 [17420:3928:1115/183315.999:ERROR:gcm_channel_status_request.cc(127)] GCM channel request failed.
11月 15, 2017 18:45:22.02 [17420:3928:1115/184522.019:ERROR:gcm_channel_status_request.cc(127)] GCM channel request failed.
11月 15, 2017 18:50:36.13 [17420:3928:1115/185036.131:ERROR:account_info_fetcher.cc(58)] OnGetTokenFailure: Connection failed (-105).
11月 15, 2017 18:57:28.04 [17420:3928:1115/185728.041:ERROR:gcm_channel_status_request.cc(127)] GCM channel request failed.
11月 15, 2017 19:09:34.06 [17420:3928:1115/190934.066:ERROR:gcm_channel_status_request.cc(127)] GCM channel request failed.
11月 15, 2017 19:21:40.09 [17420:3928:1115/192140.096:ERROR:gcm_channel_status_request.cc(127)] GCM channel request failed.
11月 15, 2017 19:33:46.12 [17420:3928:1115/193346.119:ERROR:gcm_channel_status_request.cc(127)] GCM channel request failed.

11月 15, 2017 22:02:59.19 NEW SESSION
11月 15, 2017 22:02:59.19 [17780:15984:1115/220259.194:ERROR:account_tracker.cc(328)] OnGetTokenFailure: Connection failed (-105).
11月 15, 2017 22:02:59.19 [17780:15984:1115/220259.194:ERROR:account_tracker.cc(328)] OnGetTokenFailure: Connection failed (-105).
11月 15, 2017 22:05:31.73 [17780:15984:1115/220531.732:ERROR:gcm_channel_status_request.cc(127)] GCM channel request failed.
11月 15, 2017 22:06:42.73 [19216:17076:1115/220642.731:ERROR:account_tracker.cc(328)] OnGetTokenFailure: Connection failed (-105).
11月 15, 2017 22:06:42.73 [19216:17076:1115/220642.731:ERROR:account_tracker.cc(328)] OnGetTokenFailure: Connection failed (-105).
11月 15, 2017 22:07:00.59 [19216:7908:1115/220700.595:ERROR:connection_factory_impl.cc(386)] Failed to connect to MCS endpoint with error -118
11月 15, 2017 22:08:01.45 [19852:17824:1115/220801.454:ERROR:connection_factory_impl.cc(386)] Failed to connect to MCS endpoint with error -118
11月 15, 2017 22:08:13.42 [19852:1028:1115/220813.429:ERROR:account_tracker.cc(328)] OnGetTokenFailure: Connection failed (-105).
11月 15, 2017 22:08:13.43 [19852:1028:1115/220813.429:ERROR:account_tracker.cc(328)] OnGetTokenFailure: Connection failed (-105).
11月 15, 2017 22:08:47.89 [19852:17824:1115/220847.895:ERROR:connection_factory_impl.cc(386)] Failed to connect to MCS endpoint with error -118
11月 15, 2017 22:10:14.19 [19852:17824:1115/221014.196:ERROR:connection_factory_impl.cc(386)] Failed to connect to MCS endpoint with error -7
11月 15, 2017 22:10:45.21 [19852:1028:1115/221045.212:ERROR:gcm_channel_status_request.cc(127)] GCM channel request failed.
11月 15, 2017 22:12:07.66 [19852:17824:1115/221207.664:ERROR:connection_factory_impl.cc(386)] Failed to connect to MCS endpoint with error -118
11月 15, 2017 22:13:14.52 [19852:1028:1115/221314.522:ERROR:gcm_channel_status_request.cc(127)] GCM channel request failed.
11月 15, 2017 22:16:03.08 [19852:1028:1115/221603.080:ERROR:gcm_channel_status_request.cc(127)] GCM channel request failed.
11月 15, 2017 22:16:10.21 [19852:17824:1115/221610.214:ERROR:connection_factory_impl.cc(386)] Failed to connect to MCS endpoint with error -7
11月 15, 2017 22:20:01.03 [19852:1028:1115/222001.033:ERROR:gcm_channel_status_request.cc(127)] GCM channel request failed.
11月 15, 2017 22:23:47.12 [19852:17824:1115/222347.127:ERROR:connection_factory_impl.cc(386)] Failed to connect to MCS endpoint with error -7
11月 15, 2017 22:25:49.16 [19852:1028:1115/222549.161:ERROR:gcm_channel_status_request.cc(127)] GCM channel request failed.
11月 15, 2017 22:32:49.95 [19852:1028:1115/223249.953:ERROR:gpu_process_transport_factory.cc(992)] Lost UI shared context.
11月 15, 2017 22:33:42.18 [19852:1028:1115/223342.179:ERROR:gcm_channel_status_request.cc(127)] GCM channel request failed.
11月 15, 2017 22:34:17.50 [19852:17824:1115/223417.501:ERROR:connection_factory_impl.cc(386)] Failed to connect to MCS endpoint with error -7
11月 15, 2017 22:34:25.92 [19852:1028:1115/223425.928:ERROR:gpu_process_transport_factory.cc(992)] Lost UI shared context.
11月 15, 2017 22:44:47.88 [19852:17824:1115/224447.883:ERROR:connection_factory_impl.cc(386)] Failed to connect to MCS endpoint with error -7
11月 15, 2017 22:45:48.19 [19852:1028:1115/224548.197:ERROR:gcm_channel_status_request.cc(127)] GCM channel request failed.
11月 15, 2017 22:55:18.24 [19852:17824:1115/225518.247:ERROR:connection_factory_impl.cc(386)] Failed to connect to MCS endpoint with error -7
11月 15, 2017 22:57:54.21 [19852:1028:1115/225754.217:ERROR:gcm_channel_status_request.cc(127)] GCM channel request failed.
11月 15, 2017 23:05:48.58 [19852:17824:1115/230548.581:ERROR:connection_factory_impl.cc(386)] Failed to connect to MCS endpoint with error -7
11月 15, 2017 23:10:00.24 [19852:1028:1115/231000.239:ERROR:gcm_channel_status_request.cc(127)] GCM channel request failed.
11月 15, 2017 23:16:18.86 [19852:17824:1115/231618.860:ERROR:connection_factory_impl.cc(386)] Failed to connect to MCS endpoint with error -7
11月 15, 2017 23:22:06.25 [19852:1028:1115/232206.256:ERROR:gcm_channel_status_request.cc(127)] GCM channel request failed.
11月 15, 2017 23:26:38.20 [19852:17824:1115/232638.209:ERROR:socket_stream.cc(210)] Closing stream with result -101
11月 15, 2017 23:34:12.27 [19852:1028:1115/233412.275:ERROR:gcm_channel_status_request.cc(127)] GCM channel request failed.
11月 15, 2017 23:37:08.54 [19852:17824:1115/233708.545:ERROR:connection_factory_impl.cc(386)] Failed to connect to MCS endpoint with error -7
11月 15, 2017 23:44:12.28 [19852:1028:1115/234412.284:ERROR:gcm_channel_status_request.cc(127)] GCM channel request failed.
11月 15, 2017 23:54:12.29 [19852:1028:1115/235412.291:ERROR:gcm_channel_status_request.cc(127)] GCM channel request failed.
11月 16, 2017 24:06:18.30 [19852:1028:1116/000618.305:ERROR:gcm_channel_status_request.cc(127)] GCM channel request failed.
11月 16, 2017 24:18:24.32 [19852:1028:1116/001824.322:ERROR:gcm_channel_status_request.cc(127)] GCM channel request failed.
11月 16, 2017 24:30:30.34 [19852:1028:1116/003030.340:ERROR:gcm_channel_status_request.cc(127)] GCM channel request failed.
11月 16, 2017 24:40:30.35 [19852:1028:1116/004030.348:ERROR:gcm_channel_status_request.cc(127)] GCM channel request failed.
11月 16, 2017 24:52:36.37 [19852:1028:1116/005236.371:ERROR:gcm_channel_status_request.cc(127)] GCM channel request failed.
11月 16, 2017 01:04:42.38 [19852:1028:1116/010442.384:ERROR:gcm_channel_status_request.cc(127)] GCM channel request failed.
11月 16, 2017 01:16:48.40 [19852:1028:1116/011648.404:ERROR:gcm_channel_status_request.cc(127)] GCM channel request failed.
11月 16, 2017 01:28:54.42 [19852:1028:1116/012854.420:ERROR:gcm_channel_status_request.cc(127)] GCM channel request failed.
11月 16, 2017 01:41:00.43 [19852:1028:1116/014100.435:ERROR:gcm_channel_status_request.cc(127)] GCM channel request failed.
11月 16, 2017 01:53:06.45 [19852:1028:1116/015306.457:ERROR:gcm_channel_status_request.cc(127)] GCM channel request failed.
11月 16, 2017 02:05:12.48 [19852:1028:1116/020512.482:ERROR:gcm_channel_status_request.cc(127)] GCM channel request failed.
11月 16, 2017 02:17:18.49 [19852:1028:1116/021718.495:ERROR:gcm_channel_status_request.cc(127)] GCM channel request failed.
11月 16, 2017 02:29:24.51 [19852:1028:1116/022924.512:ERROR:gcm_channel_status_request.cc(127)] GCM channel request failed.
11月 16, 2017 02:41:30.53 [19852:1028:1116/024130.530:ERROR:gcm_channel_status_request.cc(127)] GCM channel request failed.
11月 16, 2017 02:53:36.55 [19852:1028:1116/025336.550:ERROR:gcm_channel_status_request.cc(127)] GCM channel request failed.
11月 16, 2017 03:05:42.56 [19852:1028:1116/030542.566:ERROR:gcm_channel_status_request.cc(127)] GCM channel request failed.
11月 16, 2017 03:17:48.58 [19852:1028:1116/031748.579:ERROR:gcm_channel_status_request.cc(127)] GCM channel request failed.
11月 16, 2017 03:29:54.59 [19852:1028:1116/032954.597:ERROR:gcm_channel_status_request.cc(127)] GCM channel request failed.
11月 16, 2017 03:42:00.61 [19852:1028:1116/034200.612:ERROR:gcm_channel_status_request.cc(127)] GCM channel request failed.
11月 16, 2017 03:54:06.62 [19852:1028:1116/035406.627:ERROR:gcm_channel_status_request.cc(127)] GCM channel request failed.
11月 16, 2017 04:06:12.64 [19852:1028:1116/040612.642:ERROR:gcm_channel_status_request.cc(127)] GCM channel request failed.
11月 16, 2017 04:16:12.64 [19852:1028:1116/041612.647:ERROR:gcm_channel_status_request.cc(127)] GCM channel request failed.
11月 16, 2017 04:28:18.66 [19852:1028:1116/042818.663:ERROR:gcm_channel_status_request.cc(127)] GCM channel request failed.
11月 16, 2017 04:40:24.68 [19852:1028:1116/044024.681:ERROR:gcm_channel_status_request.cc(127)] GCM channel request failed.
11月 16, 2017 04:52:30.70 [19852:1028:1116/045230.700:ERROR:gcm_channel_status_request.cc(127)] GCM channel request failed.
11月 16, 2017 05:04:36.72 [19852:1028:1116/050436.724:ERROR:gcm_channel_status_request.cc(127)] GCM channel request failed.
11月 16, 2017 05:16:42.73 [19852:1028:1116/051642.738:ERROR:gcm_channel_status_request.cc(127)] GCM channel request failed.
11月 16, 2017 05:28:48.75 [19852:1028:1116/052848.753:ERROR:gcm_channel_status_request.cc(127)] GCM channel request failed.
11月 16, 2017 05:38:48.76 [19852:1028:1116/053848.760:ERROR:gcm_channel_status_request.cc(127)] GCM channel request failed.
11月 16, 2017 05:50:54.78 [19852:1028:1116/055054.785:ERROR:gcm_channel_status_request.cc(127)] GCM channel request failed.
11月 16, 2017 06:03:00.80 [19852:1028:1116/060300.800:ERROR:gcm_channel_status_request.cc(127)] GCM channel request failed.
11月 16, 2017 06:15:06.81 [19852:1028:1116/061506.816:ERROR:gcm_channel_status_request.cc(127)] GCM channel request failed.
11月 16, 2017 06:27:12.83 [19852:1028:1116/062712.834:ERROR:gcm_channel_status_request.cc(127)] GCM channel request failed.
11月 16, 2017 06:39:18.85 [19852:1028:1116/063918.850:ERROR:gcm_channel_status_request.cc(127)] GCM channel request failed.
11月 16, 2017 06:51:24.86 [19852:1028:1116/065124.863:ERROR:gcm_channel_status_request.cc(127)] GCM channel request failed.
11月 16, 2017 07:03:30.88 [19852:1028:1116/070330.879:ERROR:gcm_channel_status_request.cc(127)] GCM channel request failed.
11月 16, 2017 07:15:36.90 [19852:1028:1116/071536.899:ERROR:gcm_channel_status_request.cc(127)] GCM channel request failed.
11月 16, 2017 07:25:36.90 [19852:1028:1116/072536.906:ERROR:gcm_channel_status_request.cc(127)] GCM channel request failed.
11月 16, 2017 07:37:42.92 [19852:1028:1116/073742.928:ERROR:gcm_channel_status_request.cc(127)] GCM channel request failed.
11月 16, 2017 07:49:48.94 [19852:1028:1116/074948.945:ERROR:gcm_channel_status_request.cc(127)] GCM channel request failed.
11月 16, 2017 08:01:54.97 [19852:1028:1116/080154.973:ERROR:gcm_channel_status_request.cc(127)] GCM channel request failed.
11月 16, 2017 08:14:00.99 [19852:1028:1116/081400.989:ERROR:gcm_channel_status_request.cc(127)] GCM channel request failed.
11月 16, 2017 08:26:07.00 [19852:1028:1116/082607.005:ERROR:gcm_channel_status_request.cc(127)] GCM channel request failed.
11月 16, 2017 08:38:13.02 [19852:1028:1116/083813.024:ERROR:gcm_channel_status_request.cc(127)] GCM channel request failed.
11月 16, 2017 08:50:19.04 [19852:1028:1116/085019.040:ERROR:gcm_channel_status_request.cc(127)] GCM channel request failed.
11月 16, 2017 09:02:25.06 [19852:1028:1116/090225.059:ERROR:gcm_channel_status_request.cc(127)] GCM channel request failed.
11月 16, 2017 09:14:31.08 [19852:1028:1116/091431.086:ERROR:gcm_channel_status_request.cc(127)] GCM channel request failed.
11月 16, 2017 09:26:37.10 [19852:1028:1116/092637.105:ERROR:gcm_channel_status_request.cc(127)] GCM channel request failed.
11月 16, 2017 09:38:43.14 [19852:1028:1116/093843.140:ERROR:gcm_channel_status_request.cc(127)] GCM channel request failed.
11月 16, 2017 09:50:49.15 [19852:1028:1116/095049.150:ERROR:gcm_channel_status_request.cc(127)] GCM channel request failed.
11月 16, 2017 10:02:55.18 [19852:1028:1116/100255.186:ERROR:gcm_channel_status_request.cc(127)] GCM channel request failed.
11月 16, 2017 10:15:01.20 [19852:1028:1116/101501.205:ERROR:gcm_channel_status_request.cc(127)] GCM channel request failed.
11月 16, 2017 10:27:07.22 [19852:1028:1116/102707.223:ERROR:gcm_channel_status_request.cc(127)] GCM channel request failed.
11月 16, 2017 10:39:13.24 [19852:1028:1116/103913.241:ERROR:gcm_channel_status_request.cc(127)] GCM channel request failed.
11月 16, 2017 10:51:19.26 [19852:1028:1116/105119.257:ERROR:gcm_channel_status_request.cc(127)] GCM channel request failed.
11月 16, 2017 11:03:25.27 [19852:1028:1116/110325.271:ERROR:gcm_channel_status_request.cc(127)] GCM channel request failed.
11月 16, 2017 11:13:25.28 [19852:1028:1116/111325.280:ERROR:gcm_channel_status_request.cc(127)] GCM channel request failed.
11月 16, 2017 11:25:31.29 [19852:1028:1116/112531.298:ERROR:gcm_channel_status_request.cc(127)] GCM channel request failed.
11月 16, 2017 11:37:37.31 [19852:1028:1116/113737.316:ERROR:gcm_channel_status_request.cc(127)] GCM channel request failed.
11月 16, 2017 11:49:43.33 [19852:1028:1116/114943.337:ERROR:gcm_channel_status_request.cc(127)] GCM channel request failed.
11月 16, 2017 12:01:49.35 [19852:1028:1116/120149.352:ERROR:gcm_channel_status_request.cc(127)] GCM channel request failed.
11月 16, 2017 12:13:55.38 [19852:1028:1116/121355.381:ERROR:gcm_channel_status_request.cc(127)] GCM channel request failed.
11月 16, 2017 12:26:01.40 [19852:1028:1116/122601.402:ERROR:gcm_channel_status_request.cc(127)] GCM channel request failed.
11月 16, 2017 12:38:07.42 [19852:1028:1116/123807.421:ERROR:gcm_channel_status_request.cc(127)] GCM channel request failed.
11月 16, 2017 12:50:13.44 [19852:1028:1116/125013.443:ERROR:gcm_channel_status_request.cc(127)] GCM channel request failed.
11月 16, 2017 13:02:19.47 [19852:1028:1116/130219.474:ERROR:gcm_channel_status_request.cc(127)] GCM channel request failed.
11月 16, 2017 13:14:25.49 [19852:1028:1116/131425.494:ERROR:gcm_channel_status_request.cc(127)] GCM channel request failed.
11月 16, 2017 13:26:31.51 [19852:1028:1116/132631.518:ERROR:gcm_channel_status_request.cc(127)] GCM channel request failed.
11月 16, 2017 13:38:37.54 [19852:1028:1116/133837.539:ERROR:gcm_channel_status_request.cc(127)] GCM channel request failed.
11月 16, 2017 13:50:43.56 [19852:1028:1116/135043.559:ERROR:gcm_channel_status_request.cc(127)] GCM channel request failed.
11月 16, 2017 14:02:49.58 [19852:1028:1116/140249.580:ERROR:gcm_channel_status_request.cc(127)] GCM channel request failed.
11月 16, 2017 14:14:55.60 [19852:1028:1116/141455.599:ERROR:gcm_channel_status_request.cc(127)] GCM channel request failed.
11月 16, 2017 14:27:01.62 [19852:1028:1116/142701.628:ERROR:gcm_channel_status_request.cc(127)] GCM channel request failed.
11月 16, 2017 14:39:07.66 [19852:1028:1116/143907.662:ERROR:gcm_channel_status_request.cc(127)] GCM channel request failed.
11月 16, 2017 14:51:13.67 [19852:1028:1116/145113.677:ERROR:gcm_channel_status_request.cc(127)] GCM channel request failed.
11月 16, 2017 15:03:19.69 [19852:1028:1116/150319.696:ERROR:gcm_channel_status_request.cc(127)] GCM channel request failed.
11月 16, 2017 15:15:25.71 [19852:1028:1116/151525.717:ERROR:gcm_channel_status_request.cc(127)] GCM channel request failed.
11月 16, 2017 15:27:31.75 [19852:1028:1116/152731.749:ERROR:gcm_channel_status_request.cc(127)] GCM channel request failed.
11月 16, 2017 15:39:37.78 [19852:1028:1116/153937.785:ERROR:gcm_channel_status_request.cc(127)] GCM channel request failed.
11月 16, 2017 15:51:43.80 [19852:1028:1116/155143.800:ERROR:gcm_channel_status_request.cc(127)] GCM channel request failed.
11月 16, 2017 16:03:49.82 [19852:1028:1116/160349.819:ERROR:gcm_channel_status_request.cc(127)] GCM channel request failed.
11月 16, 2017 16:15:55.83 [19852:1028:1116/161555.838:ERROR:gcm_channel_status_request.cc(127)] GCM channel request failed.
11月 16, 2017 16:28:01.85 [19852:1028:1116/162801.857:ERROR:gcm_channel_status_request.cc(127)] GCM channel request failed.
11月 16, 2017 16:40:07.88 [19852:1028:1116/164007.879:ERROR:gcm_channel_status_request.cc(127)] GCM channel request failed.
11月 16, 2017 16:52:13.89 [19852:1028:1116/165213.898:ERROR:gcm_channel_status_request.cc(127)] GCM channel request failed.
11月 16, 2017 17:04:19.91 [19852:1028:1116/170419.912:ERROR:gcm_channel_status_request.cc(127)] GCM channel request failed.
11月 16, 2017 17:16:25.92 [19852:1028:1116/171625.926:ERROR:gcm_channel_status_request.cc(127)] GCM channel request failed.
11月 16, 2017 17:28:31.94 [19852:1028:1116/172831.939:ERROR:gcm_channel_status_request.cc(127)] GCM channel request failed.
11月 16, 2017 17:40:37.95 [19852:1028:1116/174037.957:ERROR:gcm_channel_status_request.cc(127)] GCM channel request failed.
11月 16, 2017 17:52:43.97 [19852:1028:1116/175243.973:ERROR:gcm_channel_status_request.cc(127)] GCM channel request failed.
11月 16, 2017 18:04:49.99 [19852:1028:1116/180449.993:ERROR:gcm_channel_status_request.cc(127)] GCM channel request failed.
11月 16, 2017 18:16:56.02 [19852:1028:1116/181656.021:ERROR:gcm_channel_status_request.cc(127)] GCM channel request failed.
11月 16, 2017 18:29:02.04 [19852:1028:1116/182902.041:ERROR:gcm_channel_status_request.cc(127)] GCM channel request failed.
11月 16, 2017 18:41:08.06 [19852:1028:1116/184108.059:ERROR:gcm_channel_status_request.cc(127)] GCM channel request failed.
11月 16, 2017 18:50:36.78 [19852:1028:1116/185036.784:ERROR:account_info_fetcher.cc(58)] OnGetTokenFailure: Connection failed (-105).
11月 16, 2017 18:53:14.08 [19852:1028:1116/185314.079:ERROR:gcm_channel_status_request.cc(127)] GCM channel request failed.
11月 16, 2017 19:05:20.12 [19852:1028:1116/190520.118:ERROR:gcm_channel_status_request.cc(127)] GCM channel request failed.
11月 16, 2017 19:17:26.13 [19852:1028:1116/191726.135:ERROR:gcm_channel_status_request.cc(127)] GCM channel request failed.
11月 16, 2017 19:29:32.15 [19852:1028:1116/192932.158:ERROR:gcm_channel_status_request.cc(127)] GCM channel request failed.
11月 16, 2017 19:41:38.17 [19852:1028:1116/194138.177:ERROR:gcm_channel_status_request.cc(127)] GCM channel request failed.
11月 16, 2017 19:53:44.20 [19852:1028:1116/195344.207:ERROR:gcm_channel_status_request.cc(127)] GCM channel request failed.
11月 16, 2017 20:05:50.22 [19852:1028:1116/200550.222:ERROR:gcm_channel_status_request.cc(127)] GCM channel request failed.
11月 16, 2017 20:17:56.24 [19852:1028:1116/201756.241:ERROR:gcm_channel_status_request.cc(127)] GCM channel request failed.
11月 16, 2017 20:30:02.25 [19852:1028:1116/203002.255:ERROR:gcm_channel_status_request.cc(127)] GCM channel request failed.
11月 16, 2017 20:42:08.27 [19852:1028:1116/204208.275:ERROR:gcm_channel_status_request.cc(127)] GCM channel request failed.
11月 16, 2017 20:54:14.29 [19852:1028:1116/205414.297:ERROR:gcm_channel_status_request.cc(127)] GCM channel request failed.
11月 16, 2017 21:06:20.32 [19852:1028:1116/210620.322:ERROR:gcm_channel_status_request.cc(127)] GCM channel request failed.
11月 16, 2017 21:18:26.34 [19852:1028:1116/211826.341:ERROR:gcm_channel_status_request.cc(127)] GCM channel request failed.
11月 16, 2017 21:30:32.36 [19852:1028:1116/213032.358:ERROR:gcm_channel_status_request.cc(127)] GCM channel request failed.
11月 16, 2017 21:42:38.37 [19852:1028:1116/214238.375:ERROR:gcm_channel_status_request.cc(127)] GCM channel request failed.
11月 16, 2017 21:54:44.39 [19852:1028:1116/215444.398:ERROR:gcm_channel_status_request.cc(127)] GCM channel request failed.
11月 16, 2017 22:06:50.42 [19852:1028:1116/220650.419:ERROR:gcm_channel_status_request.cc(127)] GCM channel request failed.
11月 16, 2017 22:18:56.43 [19852:1028:1116/221856.432:ERROR:gcm_channel_status_request.cc(127)] GCM channel request failed.
11月 16, 2017 22:31:02.45 [19852:1028:1116/223102.455:ERROR:gcm_channel_status_request.cc(127)] GCM channel request failed.
11月 16, 2017 22:43:08.48 [19852:1028:1116/224308.481:ERROR:gcm_channel_status_request.cc(127)] GCM channel request failed.
11月 16, 2017 22:55:14.50 [19852:1028:1116/225514.506:ERROR:gcm_channel_status_request.cc(127)] GCM channel request failed.
11月 16, 2017 23:07:20.52 [19852:1028:1116/230720.527:ERROR:gcm_channel_status_request.cc(127)] GCM channel request failed.
11月 16, 2017 23:19:26.55 [19852:1028:1116/231926.557:ERROR:gcm_channel_status_request.cc(127)] GCM channel request failed.
11月 16, 2017 23:31:32.57 [19852:1028:1116/233132.575:ERROR:gcm_channel_status_request.cc(127)] GCM channel request failed.
11月 16, 2017 23:43:38.59 [19852:1028:1116/234338.595:ERROR:gcm_channel_status_request.cc(127)] GCM channel request failed.
11月 16, 2017 23:55:44.61 [19852:1028:1116/235544.613:ERROR:gcm_channel_status_request.cc(127)] GCM channel request failed.
11月 17, 2017 24:07:50.63 [19852:1028:1117/000750.631:ERROR:gcm_channel_status_request.cc(127)] GCM channel request failed.
11月 17, 2017 24:23:50.80 [12568:19068:1117/002350.805:ERROR:account_tracker.cc(328)] OnGetTokenFailure: Connection failed (-105).
11月 17, 2017 24:23:50.80 [12568:19068:1117/002350.805:ERROR:account_tracker.cc(328)] OnGetTokenFailure: Connection failed (-105).
11月 17, 2017 24:26:21.62 [12568:19068:1117/002621.624:ERROR:gcm_channel_status_request.cc(127)] GCM channel request failed.
11月 17, 2017 24:28:49.63 [12568:19068:1117/002849.633:ERROR:gcm_channel_status_request.cc(127)] GCM channel request failed.
11月 17, 2017 24:31:45.37 [6276:31572:1117/003145.377:ERROR:account_tracker.cc(328)] OnGetTokenFailure: Connection failed (-105).
11月 17, 2017 24:31:45.37 [6276:31572:1117/003145.377:ERROR:account_tracker.cc(328)] OnGetTokenFailure: Connection failed (-105).
11月 17, 2017 24:32:10.44 [6276:31572:1117/003210.444:ERROR:gcm_channel_status_request.cc(127)] GCM channel request failed.
